#
# A fatal error has been detected by the Java Runtime Environment:
#
#  EXCEPTION_ACCESS_VIOLATION (0xc0000005) at pc=0x6b46a0c3, pid=3916, tid=6972
#
# JRE version: Java(TM) SE Runtime Environment (8.0_05-b13) (build 1.8.0_05-b13)
# Java VM: Java HotSpot(TM) Client VM (25.5-b02 mixed mode windows-x86 )
# Problematic frame:
# V  [jvm.dll+0x12a0c3]
#
# Failed to write core dump. Minidumps are not enabled by default on client versions of Windows
#
# If you would like to submit a bug report, please visit:
#   http://bugreport.sun.com/bugreport/crash.jsp
#

---------------  T H R E A D  ---------------

Current thread (0x0104c400):  JavaThread "main" [_thread_in_vm, id=6972, stack(0x00940000,0x00990000)]

siginfo: ExceptionCode=0xc0000005, reading address 0x163ef020

Registers:
EAX=0x0104c400, EBX=0x0104c400, ECX=0x163ef020, EDX=0x1486f548
ESP=0x0098f79c, EBP=0x0098f7a8, ESI=0x1485b288, EDI=0x0104c400
EIP=0x6b46a0c3, EFLAGS=0x00010287

Top of Stack: (sp=0x0098f79c)
0x0098f79c:   0104c400 1485b288 1485b288 0098f7e8
0x0098f7ac:   025bbe03 0104c530 0098f800 163ef020
0x0098f7bc:   00000000 00000000 010976b8 0098f7c8
0x0098f7cc:   00000000 0098f800 1486f548 00000000
0x0098f7dc:   1485b288 00000000 0098f7f8 0098f824
0x0098f7ec:   025b3ba0 00000000 025b87d1 163ef020
0x0098f7fc:   00000000 0a504fa8 0098f804 14977643
0x0098f80c:   0098f82c 1497a360 00000000 14977650 

Instructions: (pc=0x6b46a0c3)
0x6b46a0a3:   06 53 e8 e6 76 ed ff a1 d0 13 67 6b 83 c4 08 50
0x6b46a0b3:   ff 15 f8 01 5e 6b 8b 4d 10 c6 80 84 01 00 00 01
0x6b46a0c3:   8a 11 c6 80 84 01 00 00 00 8b 73 28 8b 46 08 83
0x6b46a0d3:   38 00 8b 7e 04 88 55 0b 74 13 8b 4e 14 51 8b cf 


Register to memory mapping:

EAX=0x0104c400 is a thread
EBX=0x0104c400 is a thread
ECX=0x163ef020 is an unknown value
EDX=0x1486f548 is an unknown value
ESP=0x0098f79c is pointing into the stack for thread: 0x0104c400
EBP=0x0098f7a8 is pointing into the stack for thread: 0x0104c400
ESI=0x1485b288 is an unknown value
EDI=0x0104c400 is a thread


Stack: [0x00940000,0x00990000],  sp=0x0098f79c,  free space=317k
Native frames: (J=compiled Java code, j=interpreted, Vv=VM code, C=native code)
V  [jvm.dll+0x12a0c3]
j  sun.misc.Unsafe.getByte(J)B+0
j  java.nio.DirectByteBuffer.get()B+11
j  org.bytedeco.javacv.Java2DFrameConverter.flipCopyWithGamma(Ljava/nio/ByteBuffer;ILjava/nio/ByteBuffer;IZDZI)V+492
j  org.bytedeco.javacv.Java2DFrameConverter.copy(Lorg/bytedeco/javacv/Frame;Ljava/awt/image/BufferedImage;DZLjava/awt/Rectangle;)V+251
j  org.bytedeco.javacv.Java2DFrameConverter.getBufferedImage(Lorg/bytedeco/javacv/Frame;DZLjava/awt/color/ColorSpace;)Ljava/awt/image/BufferedImage;+678
j  org.bytedeco.javacv.Java2DFrameConverter.getBufferedImage(Lorg/bytedeco/javacv/Frame;D)Ljava/awt/image/BufferedImage;+5
j  facesonly.FacesOnly.IplImageToBufferedImage(Lorg/bytedeco/javacpp/opencv_core$IplImage;)Ljava/awt/image/BufferedImage;+25
j  facesonly.FacesOnly.facesOnly()[Lorg/bytedeco/javacpp/opencv_core$IplImage;+483
j  facesonly.FacesOnly.main([Ljava/lang/String;)V+25
v  ~StubRoutines::call_stub
V  [jvm.dll+0x142285]
V  [jvm.dll+0x2070be]
V  [jvm.dll+0x14231e]
V  [jvm.dll+0xce717]
V  [jvm.dll+0xd6cbf]
C  [java.exe+0x20cb]
C  [java.exe+0xab61]
C  [java.exe+0xabeb]
C  [KERNEL32.DLL+0x138f4]
C  [ntdll.dll+0x65de3]
C  [ntdll.dll+0x65dae]

Java frames: (J=compiled Java code, j=interpreted, Vv=VM code)
j  sun.misc.Unsafe.getByte(J)B+0
j  java.nio.DirectByteBuffer.get()B+11
j  org.bytedeco.javacv.Java2DFrameConverter.flipCopyWithGamma(Ljava/nio/ByteBuffer;ILjava/nio/ByteBuffer;IZDZI)V+492
j  org.bytedeco.javacv.Java2DFrameConverter.copy(Lorg/bytedeco/javacv/Frame;Ljava/awt/image/BufferedImage;DZLjava/awt/Rectangle;)V+251
j  org.bytedeco.javacv.Java2DFrameConverter.getBufferedImage(Lorg/bytedeco/javacv/Frame;DZLjava/awt/color/ColorSpace;)Ljava/awt/image/BufferedImage;+678
j  org.bytedeco.javacv.Java2DFrameConverter.getBufferedImage(Lorg/bytedeco/javacv/Frame;D)Ljava/awt/image/BufferedImage;+5
j  facesonly.FacesOnly.IplImageToBufferedImage(Lorg/bytedeco/javacpp/opencv_core$IplImage;)Ljava/awt/image/BufferedImage;+25
j  facesonly.FacesOnly.facesOnly()[Lorg/bytedeco/javacpp/opencv_core$IplImage;+483
j  facesonly.FacesOnly.main([Ljava/lang/String;)V+25
v  ~StubRoutines::call_stub

---------------  P R O C E S S  ---------------

Java Threads: ( => current thread )
  0x14e2e000 JavaThread "Java2D Disposer" daemon [_thread_blocked, id=7224, stack(0x14e60000,0x14eb0000)]
  0x14c9c400 JavaThread "Service Thread" daemon [_thread_blocked, id=7388, stack(0x00d30000,0x00d80000)]
  0x14c99800 JavaThread "C1 CompilerThread0" daemon [_thread_blocked, id=1320, stack(0x00ca0000,0x00cf0000)]
  0x14c98400 JavaThread "Attach Listener" daemon [_thread_blocked, id=5224, stack(0x00c10000,0x00c60000)]
  0x14c96400 JavaThread "Signal Dispatcher" daemon [_thread_blocked, id=6808, stack(0x00b80000,0x00bd0000)]
  0x14c65c00 JavaThread "Finalizer" daemon [_thread_blocked, id=11652, stack(0x00af0000,0x00b40000)]
  0x0118d800 JavaThread "Reference Handler" daemon [_thread_blocked, id=4940, stack(0x00a60000,0x00ab0000)]
=>0x0104c400 JavaThread "main" [_thread_in_vm, id=6972, stack(0x00940000,0x00990000)]

Other Threads:
  0x0118b000 VMThread [stack: 0x009d0000,0x00a20000] [id=12836]
  0x14ca8400 WatcherThread [stack: 0x00dc0000,0x00e10000] [id=1316]

VM state:not at safepoint (normal execution)

VM Mutex/Monitor currently owned by a thread: None

Heap:
 def new generation   total 6912K, used 176K [0x04800000, 0x04f80000, 0x09d50000)
  eden space 6144K,   2% used [0x04800000, 0x0482c380, 0x04e00000)
  from space 768K,   0% used [0x04e00000, 0x04e00000, 0x04ec0000)
  to   space 768K,   0% used [0x04ec0000, 0x04ec0000, 0x04f80000)
 tenured generation   total 22700K, used 16573K [0x09d50000, 0x0b37b000, 0x14800000)
   the space 22700K,  73% used [0x09d50000, 0x0ad7f748, 0x0ad7f800, 0x0b37b000)
 Metaspace       used 4886K, capacity 4972K, committed 5120K, reserved 5504K

Card table byte_map: [0x04630000,0x046c0000] byte_map_base: 0x0460c000

Polling page: 0x00ea0000

CodeCache: size=32768Kb used=1211Kb max_used=1211Kb free=31556Kb
 bounds [0x025b0000, 0x026e0000, 0x045b0000]
 total_blobs=538 nmethods=312 adapters=158
 compilation: enabled

Compilation events (10 events):
Event: 3.238 Thread 0x14c99800 nmethod 309 0x026dcbc8 code [0x026dccc0, 0x026dcd70]
Event: 3.422 Thread 0x14c99800  310             java.lang.ClassLoader::loadLibrary (357 bytes)
Event: 3.425 Thread 0x14c99800 nmethod 310 0x026dce48 code [0x026dd170, 0x026ddf94]
Event: 4.150 Thread 0x14c99800  311             java.util.Vector::elementData (7 bytes)
Event: 4.150 Thread 0x14c99800 nmethod 311 0x026dedc8 code [0x026deec0, 0x026def60]
Event: 4.150 Thread 0x14c99800  312  s          java.util.Vector::elementAt (48 bytes)
Event: 4.159 Thread 0x14c99800 nmethod 312 0x02667ec8 code [0x02668020, 0x0266840c]
Event: 4.159 Thread 0x14c99800  313             sun.misc.VM::addFinalRefCount (24 bytes)
Event: 4.159 Thread 0x14c99800 nmethod 313 0x02667cc8 code [0x02667dc0, 0x02667e60]
Event: 4.163 Thread 0x14c99800  314             org.bytedeco.javacv.Java2DFrameConverter::flipCopyWithGamma (608 bytes)

GC Heap History (10 events):
Event: 0.348 GC heap before
{Heap before GC invocations=1 (full 0):
 def new generation   total 4928K, used 4922K [0x04800000, 0x04d50000, 0x09d50000)
  eden space 4416K,  99% used [0x04800000, 0x04c4e800, 0x04c50000)
  from space 512K, 100% used [0x04cd0000, 0x04d50000, 0x04d50000)
  to   space 512K,   0% used [0x04c50000, 0x04c50000, 0x04cd0000)
 tenured generation   total 10944K, used 7749K [0x09d50000, 0x0a800000, 0x14800000)
   the space 10944K,  70% used [0x09d50000, 0x0a4e1768, 0x0a4e1800, 0x0a800000)
 Metaspace       used 3024K, capacity 3111K, committed 3136K, reserved 4480K
Event: 0.350 GC heap after
Heap after GC invocations=2 (full 0):
 def new generation   total 4992K, used 0K [0x04800000, 0x04d60000, 0x09d50000)
  eden space 4480K,   0% used [0x04800000, 0x04800000, 0x04c60000)
  from space 512K,   0% used [0x04c60000, 0x04c60000, 0x04ce0000)
  to   space 512K,   0% used [0x04ce0000, 0x04ce0000, 0x04d60000)
 tenured generation   total 10944K, used 8261K [0x09d50000, 0x0a800000, 0x14800000)
   the space 10944K,  75% used [0x09d50000, 0x0a561768, 0x0a561800, 0x0a800000)
 Metaspace       used 3024K, capacity 3111K, committed 3136K, reserved 4480K
}
Event: 1.383 GC heap before
{Heap before GC invocations=2 (full 0):
 def new generation   total 4992K, used 4480K [0x04800000, 0x04d60000, 0x09d50000)
  eden space 4480K, 100% used [0x04800000, 0x04c60000, 0x04c60000)
  from space 512K,   0% used [0x04c60000, 0x04c60000, 0x04ce0000)
  to   space 512K,   0% used [0x04ce0000, 0x04ce0000, 0x04d60000)
 tenured generation   total 10944K, used 8261K [0x09d50000, 0x0a800000, 0x14800000)
   the space 10944K,  75% used [0x09d50000, 0x0a561768, 0x0a561800, 0x0a800000)
 Metaspace       used 3794K, capacity 3882K, committed 3904K, reserved 4480K
Event: 1.385 GC heap after
Heap after GC invocations=3 (full 0):
 def new generation   total 4992K, used 487K [0x04800000, 0x04d60000, 0x09d50000)
  eden space 4480K,   0% used [0x04800000, 0x04800000, 0x04c60000)
  from space 512K,  95% used [0x04ce0000, 0x04d59e50, 0x04d60000)
  to   space 512K,   0% used [0x04c60000, 0x04c60000, 0x04ce0000)
 tenured generation   total 10944K, used 8261K [0x09d50000, 0x0a800000, 0x14800000)
   the space 10944K,  75% used [0x09d50000, 0x0a561768, 0x0a561800, 0x0a800000)
 Metaspace       used 3794K, capacity 3882K, committed 3904K, reserved 4480K
}
Event: 2.086 GC heap before
{Heap before GC invocations=3 (full 0):
 def new generation   total 4992K, used 4967K [0x04800000, 0x04d60000, 0x09d50000)
  eden space 4480K, 100% used [0x04800000, 0x04c60000, 0x04c60000)
  from space 512K,  95% used [0x04ce0000, 0x04d59e50, 0x04d60000)
  to   space 512K,   0% used [0x04c60000, 0x04c60000, 0x04ce0000)
 tenured generation   total 10944K, used 8261K [0x09d50000, 0x0a800000, 0x14800000)
   the space 10944K,  75% used [0x09d50000, 0x0a561768, 0x0a561800, 0x0a800000)
 Metaspace       used 4512K, capacity 4586K, committed 4608K, reserved 5504K
Event: 2.088 GC heap after
Heap after GC invocations=4 (full 0):
 def new generation   total 4992K, used 512K [0x04800000, 0x04d60000, 0x09d50000)
  eden space 4480K,   0% used [0x04800000, 0x04800000, 0x04c60000)
  from space 512K, 100% used [0x04c60000, 0x04ce0000, 0x04ce0000)
  to   space 512K,   0% used [0x04ce0000, 0x04ce0000, 0x04d60000)
 tenured generation   total 10944K, used 8653K [0x09d50000, 0x0a800000, 0x14800000)
   the space 10944K,  79% used [0x09d50000, 0x0a5c37d8, 0x0a5c3800, 0x0a800000)
 Metaspace       used 4512K, capacity 4586K, committed 4608K, reserved 5504K
}
Event: 2.680 GC heap before
{Heap before GC invocations=4 (full 0):
 def new generation   total 4992K, used 4992K [0x04800000, 0x04d60000, 0x09d50000)
  eden space 4480K, 100% used [0x04800000, 0x04c60000, 0x04c60000)
  from space 512K, 100% used [0x04c60000, 0x04ce0000, 0x04ce0000)
  to   space 512K,   0% used [0x04ce0000, 0x04ce0000, 0x04d60000)
 tenured generation   total 10944K, used 8653K [0x09d50000, 0x0a800000, 0x14800000)
   the space 10944K,  79% used [0x09d50000, 0x0a5c37d8, 0x0a5c3800, 0x0a800000)
 Metaspace       used 4646K, capacity 4716K, committed 4864K, reserved 5504K
Event: 2.682 GC heap after
Heap after GC invocations=5 (full 0):
 def new generation   total 4992K, used 224K [0x04800000, 0x04d60000, 0x09d50000)
  eden space 4480K,   0% used [0x04800000, 0x04800000, 0x04c60000)
  from space 512K,  43% used [0x04ce0000, 0x04d18158, 0x04d60000)
  to   space 512K,   0% used [0x04c60000, 0x04c60000, 0x04ce0000)
 tenured generation   total 10944K, used 8786K [0x09d50000, 0x0a800000, 0x14800000)
   the space 10944K,  80% used [0x09d50000, 0x0a5e48a8, 0x0a5e4a00, 0x0a800000)
 Metaspace       used 4646K, capacity 4716K, committed 4864K, reserved 5504K
}
Event: 4.150 GC heap before
{Heap before GC invocations=5 (full 0):
 def new generation   total 4992K, used 3075K [0x04800000, 0x04d60000, 0x09d50000)
  eden space 4480K,  63% used [0x04800000, 0x04ac8af0, 0x04c60000)
  from space 512K,  43% used [0x04ce0000, 0x04d18158, 0x04d60000)
  to   space 512K,   0% used [0x04c60000, 0x04c60000, 0x04ce0000)
 tenured generation   total 10944K, used 8786K [0x09d50000, 0x0a800000, 0x14800000)
   the space 10944K,  80% used [0x09d50000, 0x0a5e48a8, 0x0a5e4a00, 0x0a800000)
 Metaspace       used 4886K, capacity 4972K, committed 5120K, reserved 5504K
Event: 4.158 GC heap after
Heap after GC invocations=6 (full 1):
 def new generation   total 6912K, used 0K [0x04800000, 0x04f80000, 0x09d50000)
  eden space 6144K,   0% used [0x04800000, 0x04800000, 0x04e00000)
  from space 768K,   0% used [0x04e00000, 0x04e00000, 0x04ec0000)
  to   space 768K,   0% used [0x04ec0000, 0x04ec0000, 0x04f80000)
 tenured generation   total 15304K, used 9181K [0x09d50000, 0x0ac42000, 0x14800000)
   the space 15304K,  59% used [0x09d50000, 0x0a647738, 0x0a647800, 0x0ac42000)
 Metaspace       used 4886K, capacity 4972K, committed 5120K, reserved 5504K
}

Deoptimization events (0 events):
No events

Internal exceptions (10 events):
Event: 3.238 Thread 0x0104c400 Exception <a 'java/security/PrivilegedActionException'> (0x04a24ef0) thrown at [D:\re\workspace\8-2-build-windows-i586-cygwin\jdk8u5\2488\hotspot\src\share\vm\prims\jvm.cpp, line 1248]
Event: 3.238 Thread 0x0104c400 Exception <a 'java/security/PrivilegedActionException'> (0x04a28458) thrown at [D:\re\workspace\8-2-build-windows-i586-cygwin\jdk8u5\2488\hotspot\src\share\vm\prims\jvm.cpp, line 1248]
Event: 3.239 Thread 0x0104c400 Exception <a 'java/security/PrivilegedActionException'> (0x04a2b858) thrown at [D:\re\workspace\8-2-build-windows-i586-cygwin\jdk8u5\2488\hotspot\src\share\vm\prims\jvm.cpp, line 1248]
Event: 3.239 Thread 0x0104c400 Exception <a 'java/security/PrivilegedActionException'> (0x04a2f738) thrown at [D:\re\workspace\8-2-build-windows-i586-cygwin\jdk8u5\2488\hotspot\src\share\vm\prims\jvm.cpp, line 1248]
Event: 3.498 Thread 0x0104c400 Exception <a 'java/security/PrivilegedActionException'> (0x04a80950) thrown at [D:\re\workspace\8-2-build-windows-i586-cygwin\jdk8u5\2488\hotspot\src\share\vm\prims\jvm.cpp, line 1248]
Event: 3.499 Thread 0x0104c400 Exception <a 'java/security/PrivilegedActionException'> (0x04a83f60) thrown at [D:\re\workspace\8-2-build-windows-i586-cygwin\jdk8u5\2488\hotspot\src\share\vm\prims\jvm.cpp, line 1248]
Event: 3.499 Thread 0x0104c400 Exception <a 'java/security/PrivilegedActionException'> (0x04a873a0) thrown at [D:\re\workspace\8-2-build-windows-i586-cygwin\jdk8u5\2488\hotspot\src\share\vm\prims\jvm.cpp, line 1248]
Event: 3.499 Thread 0x0104c400 Exception <a 'java/security/PrivilegedActionException'> (0x04a8a990) thrown at [D:\re\workspace\8-2-build-windows-i586-cygwin\jdk8u5\2488\hotspot\src\share\vm\prims\jvm.cpp, line 1248]
Event: 3.500 Thread 0x0104c400 Exception <a 'java/security/PrivilegedActionException'> (0x04a8fef0) thrown at [D:\re\workspace\8-2-build-windows-i586-cygwin\jdk8u5\2488\hotspot\src\share\vm\prims\jvm.cpp, line 1248]
Event: 3.501 Thread 0x0104c400 Exception <a 'java/security/PrivilegedActionException'> (0x04a93948) thrown at [D:\re\workspace\8-2-build-windows-i586-cygwin\jdk8u5\2488\hotspot\src\share\vm\prims\jvm.cpp, line 1248]

Events (10 events):
Event: 3.499 loading class org/bytedeco/javacpp/opencv_calib3d$CvLevMarq done
Event: 3.500 loading class org/bytedeco/javacpp/opencv_calib3d$CvStereoBMState
Event: 3.500 loading class org/bytedeco/javacpp/opencv_calib3d$CvStereoBMState done
Event: 3.501 loading class org/bytedeco/javacpp/helper/opencv_calib3d$AbstractCvStereoBMState
Event: 3.501 loading class org/bytedeco/javacpp/helper/opencv_calib3d$AbstractCvStereoBMState done
Event: 4.115 Executing VM operation: EnableBiasedLocking
Event: 4.115 Executing VM operation: EnableBiasedLocking done
Event: 4.150 Thread 0x14c99800 flushing nmethod 0x02665cc8
Event: 4.150 Executing VM operation: GenCollectForAllocation
Event: 4.158 Executing VM operation: GenCollectForAllocation done


Dynamic libraries:
0x01060000 - 0x01090000 	C:\Program Files (x86)\Java\jdk1.8.0_05\bin\java.exe
0x76fb0000 - 0x7712b000 	C:\WINDOWS\SYSTEM32\ntdll.dll
0x769b0000 - 0x76a90000 	C:\WINDOWS\SYSTEM32\KERNEL32.DLL
0x73d00000 - 0x73e7e000 	C:\WINDOWS\SYSTEM32\KERNELBASE.dll
0x73a20000 - 0x73ab2000 	C:\WINDOWS\system32\apphelp.dll
0x74800000 - 0x7487b000 	C:\WINDOWS\SYSTEM32\ADVAPI32.dll
0x750b0000 - 0x7516e000 	C:\WINDOWS\SYSTEM32\msvcrt.dll
0x75000000 - 0x75044000 	C:\WINDOWS\SYSTEM32\sechost.dll
0x74250000 - 0x742fd000 	C:\WINDOWS\SYSTEM32\RPCRT4.dll
0x73ce0000 - 0x73cfe000 	C:\WINDOWS\SYSTEM32\SspiCli.dll
0x73cd0000 - 0x73cda000 	C:\WINDOWS\SYSTEM32\CRYPTBASE.dll
0x76d70000 - 0x76dc8000 	C:\WINDOWS\SYSTEM32\bcryptPrimitives.dll
0x76760000 - 0x768a7000 	C:\WINDOWS\SYSTEM32\USER32.dll
0x73e80000 - 0x73fcf000 	C:\WINDOWS\SYSTEM32\GDI32.dll
0x72ce0000 - 0x72eef000 	C:\WINDOWS\WinSxS\x86_microsoft.windows.common-controls_6595b64144ccf1df_6.0.10586.0_none_d3c2e4e965da4528\COMCTL32.dll
0x73fd0000 - 0x7418d000 	C:\WINDOWS\SYSTEM32\combase.dll
0x76640000 - 0x7666b000 	C:\WINDOWS\SYSTEM32\IMM32.DLL
0x72f00000 - 0x72fbf000 	C:\Program Files (x86)\Java\jdk1.8.0_05\jre\bin\msvcr100.dll
0x6b340000 - 0x6b6d6000 	C:\Program Files (x86)\Java\jdk1.8.0_05\jre\bin\client\jvm.dll
0x74880000 - 0x74886000 	C:\WINDOWS\SYSTEM32\PSAPI.DLL
0x735a0000 - 0x735c4000 	C:\WINDOWS\SYSTEM32\WINMM.dll
0x73590000 - 0x73598000 	C:\WINDOWS\SYSTEM32\WSOCK32.dll
0x76dd0000 - 0x76e2f000 	C:\WINDOWS\SYSTEM32\WS2_32.dll
0x00e40000 - 0x00e63000 	C:\WINDOWS\SYSTEM32\WINMMBASE.dll
0x76a90000 - 0x76ac7000 	C:\WINDOWS\SYSTEM32\cfgmgr32.dll
0x72ef0000 - 0x72efc000 	C:\Program Files (x86)\Java\jdk1.8.0_05\jre\bin\verify.dll
0x6e5f0000 - 0x6e611000 	C:\Program Files (x86)\Java\jdk1.8.0_05\jre\bin\java.dll
0x6b2e0000 - 0x6b2f3000 	C:\Program Files (x86)\Java\jdk1.8.0_05\jre\bin\zip.dll
0x75170000 - 0x7656e000 	C:\WINDOWS\SYSTEM32\SHELL32.dll
0x74300000 - 0x747fa000 	C:\WINDOWS\SYSTEM32\windows.storage.dll
0x765f0000 - 0x76635000 	C:\WINDOWS\SYSTEM32\shlwapi.dll
0x74ef0000 - 0x74efc000 	C:\WINDOWS\SYSTEM32\kernel.appcore.dll
0x76b60000 - 0x76bed000 	C:\WINDOWS\SYSTEM32\shcore.dll
0x748b0000 - 0x748f4000 	C:\WINDOWS\SYSTEM32\powrprof.dll
0x76580000 - 0x7658f000 	C:\WINDOWS\SYSTEM32\profapi.dll
0x72690000 - 0x727d5000 	C:\Program Files (x86)\Java\jdk1.8.0_05\jre\bin\awt.dll
0x741b0000 - 0x74242000 	C:\WINDOWS\SYSTEM32\OLEAUT32.dll
0x5d8b0000 - 0x5d8d5000 	C:\Program Files (x86)\Java\jdk1.8.0_05\jre\bin\jpeg.dll
0x5d7c0000 - 0x5d8ae000 	C:\Users\bishw\AppData\Local\Temp\javacpp454317675975640\msvcr120.dll
0x5d740000 - 0x5d7b1000 	C:\Users\bishw\AppData\Local\Temp\javacpp454317675975640\msvcp120.dll
0x5d520000 - 0x5d73a000 	C:\Users\bishw\AppData\Local\Temp\javacpp454317675975640\opencv_core300.dll
0x5d210000 - 0x5d51d000 	C:\Users\bishw\AppData\Local\Temp\javacpp454317675975640\opencv_imgproc300.dll
0x5d090000 - 0x5d206000 	C:\Users\bishw\AppData\Local\Temp\javacpp454317675975640\jniopencv_core.dll
0x5d000000 - 0x5d08f000 	C:\Users\bishw\AppData\Local\Temp\javacpp454317675975640\jniopencv_imgproc.dll
0x5cd80000 - 0x5cff3000 	C:\Users\bishw\AppData\Local\Temp\javacpp454317675975640\opencv_imgcodecs300.dll
0x5cd60000 - 0x5cd76000 	C:\Users\bishw\AppData\Local\Temp\javacpp454317675975640\jniopencv_imgcodecs.dll
0x5cd20000 - 0x5cd5d000 	C:\Users\bishw\AppData\Local\Temp\javacpp454317675975640\opencv_videoio300.dll
0x74f10000 - 0x74ffb000 	C:\WINDOWS\SYSTEM32\ole32.dll
0x5ccf0000 - 0x5cd13000 	C:\WINDOWS\SYSTEM32\MSVFW32.dll
0x5ccd0000 - 0x5ccec000 	C:\WINDOWS\SYSTEM32\AVIFIL32.dll
0x5ccb0000 - 0x5ccc4000 	C:\WINDOWS\SYSTEM32\AVICAP32.dll
0x5cc90000 - 0x5cca8000 	C:\WINDOWS\SYSTEM32\MSACM32.dll
0x5cc70000 - 0x5cc81000 	C:\Users\bishw\AppData\Local\Temp\javacpp454317675975640\jniopencv_videoio.dll
0x5cc40000 - 0x5cc66000 	C:\Users\bishw\AppData\Local\Temp\javacpp454317675975640\opencv_highgui300.dll
0x768b0000 - 0x769a2000 	C:\WINDOWS\SYSTEM32\COMDLG32.dll
0x74900000 - 0x7495e000 	C:\WINDOWS\SYSTEM32\FirewallAPI.dll
0x74190000 - 0x741a3000 	C:\WINDOWS\SYSTEM32\NETAPI32.dll
0x72350000 - 0x7235b000 	C:\WINDOWS\SYSTEM32\DAVHLPR.DLL
0x6f860000 - 0x6f88d000 	C:\WINDOWS\SYSTEM32\fwbase.dll
0x5cc10000 - 0x5cc3b000 	C:\Users\bishw\AppData\Local\Temp\javacpp454317675975640\jniopencv_highgui.dll
0x5cb60000 - 0x5cc0d000 	C:\Users\bishw\AppData\Local\Temp\javacpp454317675975640\opencv_ml300.dll
0x5cb30000 - 0x5cb58000 	C:\Users\bishw\AppData\Local\Temp\javacpp454317675975640\jniopencv_ml.dll
0x5caa0000 - 0x5cb2e000 	C:\Users\bishw\AppData\Local\Temp\javacpp454317675975640\opencv_objdetect300.dll
0x5ca60000 - 0x5ca9e000 	C:\Users\bishw\AppData\Local\Temp\javacpp454317675975640\jniopencv_objdetect.dll
0x5c9d0000 - 0x5ca59000 	C:\Users\bishw\AppData\Local\Temp\javacpp454317675975640\opencv_flann300.dll
0x5c9b0000 - 0x5c9c6000 	C:\Users\bishw\AppData\Local\Temp\javacpp454317675975640\jniopencv_flann.dll
0x5c8e0000 - 0x5c9ae000 	C:\Users\bishw\AppData\Local\Temp\javacpp454317675975640\opencv_features2d300.dll
0x5c8a0000 - 0x5c8d2000 	C:\Users\bishw\AppData\Local\Temp\javacpp454317675975640\jniopencv_features2d.dll
0x5c730000 - 0x5c894000 	C:\Users\bishw\AppData\Local\Temp\javacpp454317675975640\opencv_calib3d300.dll
0x5c6f0000 - 0x5c730000 	C:\Users\bishw\AppData\Local\Temp\javacpp454317675975640\jniopencv_calib3d.dll
0x6e3f0000 - 0x6e52f000 	C:\WINDOWS\SYSTEM32\dbghelp.dll

VM Arguments:
jvm_args: -Dfile.encoding=UTF-8 
java_command: facesonly.FacesOnly
java_class_path (initial): E:\Google Drive\FacePal\All jar files\javacv-1.1-bin bytec\javacv-bin\opencv-windows-x86.jar;E:\Google Drive\FacePal\All jar files\javacv-1.1-bin bytec\javacv-bin\opencv-windows-x86_64.jar;E:\Google Drive\FacePal\All jar files\javacv-1.1-bin bytec\javacv-bin\opencv.jar;E:\Google Drive\FacePal\All jar files\javacv-1.1-bin bytec\javacv-bin\javacpp.jar;E:\Google Drive\FacePal\All jar files\javacv-1.1-bin bytec\javacv-bin\javacv.jar;E:\Google Drive\FacePal\All jar files\javacv-0.7-bin\javacv-bin\javacv.jar;E:\Google Drive\FacePal\Client site\FacesOnly\build\classes
Launcher Type: SUN_STANDARD

Environment Variables:
PATH=C:\ProgramData\Oracle\Java\javapath;C:\oraclexe\app\oracle\product\11.2.0\server\bin;E:\app\bishw\product\11.2.0\dbhome_1\bin;C:\WINDOWS\system32;C:\WINDOWS;C:\WINDOWS\System32\Wbem;C:\WINDOWS\System32\WindowsPowerShell\v1.0\;C:\Program Files\MATLAB\R2012b\runtime\win64;C:\Program Files\MATLAB\R2012b\bin;C:\Program Files (x86)\Common Files\lenovo\easyplussdk\bin;C:\Program Files (x86)\Brackets\command;C:\Program Files\nodejs\;C:\Program Files (x86)\Java\jre1.8.0_73\bin;C:\Program Files\MiKTeX 2.9\miktex\bin\x64\;C:\opencv\build\x64\vc12\bin;C:\Program Files (x86)\Java\jre1.8.0_73\bin;C:\Program Files (x86)\Java\jdk1.8.0_05\bin;C:\Program Files (x86)\Java\jre1.8.0_73\bin;C:\ProgramData\Oracle\Java\javapath;C:\oraclexe\app\oracle\product\11.2.0\server\bin;E:\app\bishw\product\11.2.0\dbhome_1\bin;C:\WINDOWS\system32;C:\WINDOWS;C:\WINDOWS\System32\Wbem;C:\WINDOWS\System32\WindowsPowerShell\v1.0\;C:\Program Files\MATLAB\R2012b\runtime\win64;C:\Program Files\MATLAB\R2012b\bin;C:\Program Files (x86)\Common Files\lenovo\easyplussdk\bin;C:\Program Files (x86)\Microsoft VS Code\bin;C:\Users\bishw\AppData\Roaming\npm
USERNAME=bishw
OS=Windows_NT
PROCESSOR_IDENTIFIER=Intel64 Family 6 Model 69 Stepping 1, GenuineIntel



---------------  S Y S T E M  ---------------

OS: Windows 8.1 , 64 bit Build 9600 

CPU:total 4 (2 cores per cpu, 2 threads per core) family 6 model 69 stepping 1, cmov, cx8, fxsr, mmx, sse, sse2, sse3, ssse3, sse4.1, sse4.2, popcnt, avx, avx2, aes, clmul, erms, ht, tsc, tscinvbit

Memory: 4k page, physical 4096184k(921188k free), swap 10144188k(4473640k free)

vm_info: Java HotSpot(TM) Client VM (25.5-b02) for windows-x86 JRE (1.8.0_05-b13), built on Mar 18 2014 01:14:47 by "java_re" with MS VC++ 10.0 (VS2010)

time: Tue Jun 07 17:36:41 2016
elapsed time: 4 seconds

