#
# A fatal error has been detected by the Java Runtime Environment:
#
#  EXCEPTION_ACCESS_VIOLATION (0xc0000005) at pc=0x67eaa0c3, pid=5708, tid=15352
#
# JRE version: Java(TM) SE Runtime Environment (8.0_05-b13) (build 1.8.0_05-b13)
# Java VM: Java HotSpot(TM) Client VM (25.5-b02 mixed mode windows-x86 )
# Problematic frame:
# V  [jvm.dll+0x12a0c3]
#
# Failed to write core dump. Minidumps are not enabled by default on client versions of Windows
#
# If you would like to submit a bug report, please visit:
#   http://bugreport.sun.com/bugreport/crash.jsp
#

---------------  T H R E A D  ---------------

Current thread (0x00e4c400):  JavaThread "main" [_thread_in_vm, id=15352, stack(0x00940000,0x00990000)]

siginfo: ExceptionCode=0xc0000005, reading address 0x163fe020

Registers:
EAX=0x00e4c400, EBX=0x00e4c400, ECX=0x163fe020, EDX=0x146ff548
ESP=0x0098f77c, EBP=0x0098f788, ESI=0x146eb288, EDI=0x00e4c400
EIP=0x67eaa0c3, EFLAGS=0x00010287

Top of Stack: (sp=0x0098f77c)
0x0098f77c:   00e4c400 146eb288 146eb288 0098f7c8
0x0098f78c:   025abe03 00e4c530 0098f7e0 163fe020
0x0098f79c:   00000000 00000000 024a7658 0098f7a8
0x0098f7ac:   00000000 0098f7e0 146ff548 00000000
0x0098f7bc:   146eb288 00000000 0098f7d8 0098f804
0x0098f7cc:   025a3ba0 00000000 025a87d1 163fe020
0x0098f7dc:   00000000 0a2ff410 0098f7e4 14807643
0x0098f7ec:   0098f80c 1480a360 00000000 14807650 

Instructions: (pc=0x67eaa0c3)
0x67eaa0a3:   06 53 e8 e6 76 ed ff a1 d0 13 0b 68 83 c4 08 50
0x67eaa0b3:   ff 15 f8 01 02 68 8b 4d 10 c6 80 84 01 00 00 01
0x67eaa0c3:   8a 11 c6 80 84 01 00 00 00 8b 73 28 8b 46 08 83
0x67eaa0d3:   38 00 8b 7e 04 88 55 0b 74 13 8b 4e 14 51 8b cf 


Register to memory mapping:

EAX=0x00e4c400 is a thread
EBX=0x00e4c400 is a thread
ECX=0x163fe020 is an unknown value
EDX=0x146ff548 is an unknown value
ESP=0x0098f77c is pointing into the stack for thread: 0x00e4c400
EBP=0x0098f788 is pointing into the stack for thread: 0x00e4c400
ESI=0x146eb288 is an unknown value
EDI=0x00e4c400 is a thread


Stack: [0x00940000,0x00990000],  sp=0x0098f77c,  free space=317k
Native frames: (J=compiled Java code, j=interpreted, Vv=VM code, C=native code)
V  [jvm.dll+0x12a0c3]
j  sun.misc.Unsafe.getByte(J)B+0
j  java.nio.DirectByteBuffer.get()B+11
j  org.bytedeco.javacv.Java2DFrameConverter.flipCopyWithGamma(Ljava/nio/ByteBuffer;ILjava/nio/ByteBuffer;IZDZI)V+492
j  org.bytedeco.javacv.Java2DFrameConverter.copy(Lorg/bytedeco/javacv/Frame;Ljava/awt/image/BufferedImage;DZLjava/awt/Rectangle;)V+251
j  org.bytedeco.javacv.Java2DFrameConverter.getBufferedImage(Lorg/bytedeco/javacv/Frame;DZLjava/awt/color/ColorSpace;)Ljava/awt/image/BufferedImage;+678
j  org.bytedeco.javacv.Java2DFrameConverter.getBufferedImage(Lorg/bytedeco/javacv/Frame;D)Ljava/awt/image/BufferedImage;+5
j  facesonly.FacesOnly.IplImageToBufferedImage(Lorg/bytedeco/javacpp/opencv_core$IplImage;)Ljava/awt/image/BufferedImage;+25
j  facesonly.FacesOnly.facesOnly()[Lorg/bytedeco/javacpp/opencv_core$IplImage;+476
j  facesonly.FacesOnly.main([Ljava/lang/String;)V+25
v  ~StubRoutines::call_stub
V  [jvm.dll+0x142285]
V  [jvm.dll+0x2070be]
V  [jvm.dll+0x14231e]
V  [jvm.dll+0xce717]
V  [jvm.dll+0xd6cbf]
C  [java.exe+0x20cb]
C  [java.exe+0xab61]
C  [java.exe+0xabeb]
C  [KERNEL32.DLL+0x138f4]
C  [ntdll.dll+0x65de3]
C  [ntdll.dll+0x65dae]

Java frames: (J=compiled Java code, j=interpreted, Vv=VM code)
j  sun.misc.Unsafe.getByte(J)B+0
j  java.nio.DirectByteBuffer.get()B+11
j  org.bytedeco.javacv.Java2DFrameConverter.flipCopyWithGamma(Ljava/nio/ByteBuffer;ILjava/nio/ByteBuffer;IZDZI)V+492
j  org.bytedeco.javacv.Java2DFrameConverter.copy(Lorg/bytedeco/javacv/Frame;Ljava/awt/image/BufferedImage;DZLjava/awt/Rectangle;)V+251
j  org.bytedeco.javacv.Java2DFrameConverter.getBufferedImage(Lorg/bytedeco/javacv/Frame;DZLjava/awt/color/ColorSpace;)Ljava/awt/image/BufferedImage;+678
j  org.bytedeco.javacv.Java2DFrameConverter.getBufferedImage(Lorg/bytedeco/javacv/Frame;D)Ljava/awt/image/BufferedImage;+5
j  facesonly.FacesOnly.IplImageToBufferedImage(Lorg/bytedeco/javacpp/opencv_core$IplImage;)Ljava/awt/image/BufferedImage;+25
j  facesonly.FacesOnly.facesOnly()[Lorg/bytedeco/javacpp/opencv_core$IplImage;+476
j  facesonly.FacesOnly.main([Ljava/lang/String;)V+25
v  ~StubRoutines::call_stub

---------------  P R O C E S S  ---------------

Java Threads: ( => current thread )
  0x14cb9c00 JavaThread "Java2D Disposer" daemon [_thread_blocked, id=1564, stack(0x14ea0000,0x14ef0000)]
  0x14b44400 JavaThread "Service Thread" daemon [_thread_blocked, id=15160, stack(0x01040000,0x01090000)]
  0x14b29800 JavaThread "C1 CompilerThread0" daemon [_thread_blocked, id=5220, stack(0x00d00000,0x00d50000)]
  0x14b28400 JavaThread "Attach Listener" daemon [_thread_blocked, id=4868, stack(0x00c70000,0x00cc0000)]
  0x14b26400 JavaThread "Signal Dispatcher" daemon [_thread_blocked, id=4324, stack(0x00be0000,0x00c30000)]
  0x14af5c00 JavaThread "Finalizer" daemon [_thread_blocked, id=14868, stack(0x00b50000,0x00ba0000)]
  0x0259d800 JavaThread "Reference Handler" daemon [_thread_blocked, id=7212, stack(0x00a60000,0x00ab0000)]
=>0x00e4c400 JavaThread "main" [_thread_in_vm, id=15352, stack(0x00940000,0x00990000)]

Other Threads:
  0x0259b000 VMThread [stack: 0x009d0000,0x00a20000] [id=6624]
  0x14b48400 WatcherThread [stack: 0x14d30000,0x14d80000] [id=4608]

VM state:not at safepoint (normal execution)

VM Mutex/Monitor currently owned by a thread: None

Heap:
 def new generation   total 6912K, used 105K [0x04600000, 0x04d70000, 0x09b50000)
  eden space 6208K,   1% used [0x04600000, 0x0461a6b0, 0x04c10000)
  from space 704K,   0% used [0x04c10000, 0x04c10000, 0x04cc0000)
  to   space 704K,   0% used [0x04cc0000, 0x04cc0000, 0x04d70000)
 tenured generation   total 22564K, used 16492K [0x09b50000, 0x0b159000, 0x14600000)
   the space 22564K,  73% used [0x09b50000, 0x0ab6b2d8, 0x0ab6b400, 0x0b159000)
 Metaspace       used 4886K, capacity 4972K, committed 5120K, reserved 5504K

Card table byte_map: [0x14600000,0x14690000] byte_map_base: 0x145dd000

Polling page: 0x00e20000

CodeCache: size=32768Kb used=1211Kb max_used=1211Kb free=31556Kb
 bounds [0x025a0000, 0x026d0000, 0x045a0000]
 total_blobs=539 nmethods=313 adapters=158
 compilation: enabled

Compilation events (10 events):
Event: 5.380 Thread 0x14b29800 nmethod 310 0x026cb848 code [0x026cb960, 0x026cba98]
Event: 5.381 Thread 0x14b29800  311   !         java.net.URL::set (114 bytes)
Event: 5.381 Thread 0x14b29800 nmethod 311 0x026cbbc8 code [0x026cbd00, 0x026cc160]
Event: 5.540 Thread 0x14b29800  312             java.util.Vector::elementData (7 bytes)
Event: 5.541 Thread 0x14b29800 nmethod 312 0x026cc4c8 code [0x026cc5c0, 0x026cc660]
Event: 5.541 Thread 0x14b29800  313  s          java.util.Vector::elementAt (48 bytes)
Event: 5.541 Thread 0x14b29800 nmethod 313 0x026cc708 code [0x026cc860, 0x026ccc4c]
Event: 5.556 Thread 0x14b29800  314             sun.misc.VM::addFinalRefCount (24 bytes)
Event: 5.556 Thread 0x14b29800 nmethod 314 0x026ccf88 code [0x026cd080, 0x026cd120]
Event: 5.561 Thread 0x14b29800  315             org.bytedeco.javacv.Java2DFrameConverter::flipCopyWithGamma (608 bytes)

GC Heap History (10 events):
Event: 0.563 GC heap before
{Heap before GC invocations=1 (full 0):
 def new generation   total 4928K, used 4925K [0x04600000, 0x04b50000, 0x09b50000)
  eden space 4416K,  99% used [0x04600000, 0x04a4f758, 0x04a50000)
  from space 512K, 100% used [0x04ad0000, 0x04b50000, 0x04b50000)
  to   space 512K,   0% used [0x04a50000, 0x04a50000, 0x04ad0000)
 tenured generation   total 10944K, used 7727K [0x09b50000, 0x0a600000, 0x14600000)
   the space 10944K,  70% used [0x09b50000, 0x0a2dbc48, 0x0a2dbe00, 0x0a600000)
 Metaspace       used 3024K, capacity 3111K, committed 3136K, reserved 4480K
Event: 0.566 GC heap after
Heap after GC invocations=2 (full 0):
 def new generation   total 4992K, used 0K [0x04600000, 0x04b60000, 0x09b50000)
  eden space 4480K,   0% used [0x04600000, 0x04600000, 0x04a60000)
  from space 512K,   0% used [0x04a60000, 0x04a60000, 0x04ae0000)
  to   space 512K,   0% used [0x04ae0000, 0x04ae0000, 0x04b60000)
 tenured generation   total 10944K, used 8239K [0x09b50000, 0x0a600000, 0x14600000)
   the space 10944K,  75% used [0x09b50000, 0x0a35bc48, 0x0a35be00, 0x0a600000)
 Metaspace       used 3024K, capacity 3111K, committed 3136K, reserved 4480K
}
Event: 2.021 GC heap before
{Heap before GC invocations=2 (full 0):
 def new generation   total 4992K, used 4480K [0x04600000, 0x04b60000, 0x09b50000)
  eden space 4480K, 100% used [0x04600000, 0x04a60000, 0x04a60000)
  from space 512K,   0% used [0x04a60000, 0x04a60000, 0x04ae0000)
  to   space 512K,   0% used [0x04ae0000, 0x04ae0000, 0x04b60000)
 tenured generation   total 10944K, used 8239K [0x09b50000, 0x0a600000, 0x14600000)
   the space 10944K,  75% used [0x09b50000, 0x0a35bc48, 0x0a35be00, 0x0a600000)
 Metaspace       used 3820K, capacity 3914K, committed 4032K, reserved 4480K
Event: 2.024 GC heap after
Heap after GC invocations=3 (full 0):
 def new generation   total 4992K, used 512K [0x04600000, 0x04b60000, 0x09b50000)
  eden space 4480K,   0% used [0x04600000, 0x04600000, 0x04a60000)
  from space 512K, 100% used [0x04ae0000, 0x04b60000, 0x04b60000)
  to   space 512K,   0% used [0x04a60000, 0x04a60000, 0x04ae0000)
 tenured generation   total 10944K, used 8245K [0x09b50000, 0x0a600000, 0x14600000)
   the space 10944K,  75% used [0x09b50000, 0x0a35d528, 0x0a35d600, 0x0a600000)
 Metaspace       used 3820K, capacity 3914K, committed 4032K, reserved 4480K
}
Event: 3.229 GC heap before
{Heap before GC invocations=3 (full 0):
 def new generation   total 4992K, used 4992K [0x04600000, 0x04b60000, 0x09b50000)
  eden space 4480K, 100% used [0x04600000, 0x04a60000, 0x04a60000)
  from space 512K, 100% used [0x04ae0000, 0x04b60000, 0x04b60000)
  to   space 512K,   0% used [0x04a60000, 0x04a60000, 0x04ae0000)
 tenured generation   total 10944K, used 8245K [0x09b50000, 0x0a600000, 0x14600000)
   the space 10944K,  75% used [0x09b50000, 0x0a35d528, 0x0a35d600, 0x0a600000)
 Metaspace       used 4512K, capacity 4586K, committed 4608K, reserved 5504K
Event: 3.232 GC heap after
Heap after GC invocations=4 (full 0):
 def new generation   total 4992K, used 512K [0x04600000, 0x04b60000, 0x09b50000)
  eden space 4480K,   0% used [0x04600000, 0x04600000, 0x04a60000)
  from space 512K, 100% used [0x04a60000, 0x04ae0000, 0x04ae0000)
  to   space 512K,   0% used [0x04ae0000, 0x04ae0000, 0x04b60000)
 tenured generation   total 10944K, used 8623K [0x09b50000, 0x0a600000, 0x14600000)
   the space 10944K,  78% used [0x09b50000, 0x0a3bbfb0, 0x0a3bc000, 0x0a600000)
 Metaspace       used 4512K, capacity 4586K, committed 4608K, reserved 5504K
}
Event: 4.185 GC heap before
{Heap before GC invocations=4 (full 0):
 def new generation   total 4992K, used 4992K [0x04600000, 0x04b60000, 0x09b50000)
  eden space 4480K, 100% used [0x04600000, 0x04a60000, 0x04a60000)
  from space 512K, 100% used [0x04a60000, 0x04ae0000, 0x04ae0000)
  to   space 512K,   0% used [0x04ae0000, 0x04ae0000, 0x04b60000)
 tenured generation   total 10944K, used 8623K [0x09b50000, 0x0a600000, 0x14600000)
   the space 10944K,  78% used [0x09b50000, 0x0a3bbfb0, 0x0a3bc000, 0x0a600000)
 Metaspace       used 4690K, capacity 4748K, committed 4864K, reserved 5504K
Event: 4.187 GC heap after
Heap after GC invocations=5 (full 0):
 def new generation   total 4992K, used 276K [0x04600000, 0x04b60000, 0x09b50000)
  eden space 4480K,   0% used [0x04600000, 0x04600000, 0x04a60000)
  from space 512K,  54% used [0x04ae0000, 0x04b253f0, 0x04b60000)
  to   space 512K,   0% used [0x04a60000, 0x04a60000, 0x04ae0000)
 tenured generation   total 10944K, used 8750K [0x09b50000, 0x0a600000, 0x14600000)
   the space 10944K,  79% used [0x09b50000, 0x0a3dbad0, 0x0a3dbc00, 0x0a600000)
 Metaspace       used 4690K, capacity 4748K, committed 4864K, reserved 5504K
}
Event: 5.542 GC heap before
{Heap before GC invocations=5 (full 0):
 def new generation   total 4992K, used 2323K [0x04600000, 0x04b60000, 0x09b50000)
  eden space 4480K,  45% used [0x04600000, 0x047ffac0, 0x04a60000)
  from space 512K,  54% used [0x04ae0000, 0x04b253f0, 0x04b60000)
  to   space 512K,   0% used [0x04a60000, 0x04a60000, 0x04ae0000)
 tenured generation   total 10944K, used 8750K [0x09b50000, 0x0a600000, 0x14600000)
   the space 10944K,  79% used [0x09b50000, 0x0a3dbad0, 0x0a3dbc00, 0x0a600000)
 Metaspace       used 4886K, capacity 4972K, committed 5120K, reserved 5504K
Event: 5.554 GC heap after
Heap after GC invocations=6 (full 1):
 def new generation   total 6912K, used 0K [0x04600000, 0x04d70000, 0x09b50000)
  eden space 6208K,   0% used [0x04600000, 0x04600000, 0x04c10000)
  from space 704K,   0% used [0x04c10000, 0x04c10000, 0x04cc0000)
  to   space 704K,   0% used [0x04cc0000, 0x04cc0000, 0x04d70000)
 tenured generation   total 15168K, used 9100K [0x09b50000, 0x0aa20000, 0x14600000)
   the space 15168K,  59% used [0x09b50000, 0x0a4332c8, 0x0a433400, 0x0aa20000)
 Metaspace       used 4886K, capacity 4972K, committed 5120K, reserved 5504K
}

Deoptimization events (0 events):
No events

Internal exceptions (10 events):
Event: 4.836 Thread 0x00e4c400 Exception <a 'java/security/PrivilegedActionException'> (0x04765a08) thrown at [D:\re\workspace\8-2-build-windows-i586-cygwin\jdk8u5\2488\hotspot\src\share\vm\prims\jvm.cpp, line 1248]
Event: 4.836 Thread 0x00e4c400 Exception <a 'java/security/PrivilegedActionException'> (0x04768fa0) thrown at [D:\re\workspace\8-2-build-windows-i586-cygwin\jdk8u5\2488\hotspot\src\share\vm\prims\jvm.cpp, line 1248]
Event: 4.837 Thread 0x00e4c400 Exception <a 'java/security/PrivilegedActionException'> (0x0476c328) thrown at [D:\re\workspace\8-2-build-windows-i586-cygwin\jdk8u5\2488\hotspot\src\share\vm\prims\jvm.cpp, line 1248]
Event: 4.838 Thread 0x00e4c400 Exception <a 'java/security/PrivilegedActionException'> (0x04770208) thrown at [D:\re\workspace\8-2-build-windows-i586-cygwin\jdk8u5\2488\hotspot\src\share\vm\prims\jvm.cpp, line 1248]
Event: 5.257 Thread 0x00e4c400 Exception <a 'java/security/PrivilegedActionException'> (0x047b8f28) thrown at [D:\re\workspace\8-2-build-windows-i586-cygwin\jdk8u5\2488\hotspot\src\share\vm\prims\jvm.cpp, line 1248]
Event: 5.258 Thread 0x00e4c400 Exception <a 'java/security/PrivilegedActionException'> (0x047bc0e0) thrown at [D:\re\workspace\8-2-build-windows-i586-cygwin\jdk8u5\2488\hotspot\src\share\vm\prims\jvm.cpp, line 1248]
Event: 5.258 Thread 0x00e4c400 Exception <a 'java/security/PrivilegedActionException'> (0x047bf520) thrown at [D:\re\workspace\8-2-build-windows-i586-cygwin\jdk8u5\2488\hotspot\src\share\vm\prims\jvm.cpp, line 1248]
Event: 5.259 Thread 0x00e4c400 Exception <a 'java/security/PrivilegedActionException'> (0x047c2b10) thrown at [D:\re\workspace\8-2-build-windows-i586-cygwin\jdk8u5\2488\hotspot\src\share\vm\prims\jvm.cpp, line 1248]
Event: 5.260 Thread 0x00e4c400 Exception <a 'java/security/PrivilegedActionException'> (0x047c82d8) thrown at [D:\re\workspace\8-2-build-windows-i586-cygwin\jdk8u5\2488\hotspot\src\share\vm\prims\jvm.cpp, line 1248]
Event: 5.261 Thread 0x00e4c400 Exception <a 'java/security/PrivilegedActionException'> (0x047cbd30) thrown at [D:\re\workspace\8-2-build-windows-i586-cygwin\jdk8u5\2488\hotspot\src\share\vm\prims\jvm.cpp, line 1248]

Events (10 events):
Event: 5.258 loading class org/bytedeco/javacpp/opencv_calib3d$StereoBM
Event: 5.258 loading class org/bytedeco/javacpp/opencv_calib3d$StereoBM done
Event: 5.259 loading class org/bytedeco/javacpp/opencv_calib3d$CvLevMarq
Event: 5.259 loading class org/bytedeco/javacpp/opencv_calib3d$CvLevMarq done
Event: 5.260 loading class org/bytedeco/javacpp/opencv_calib3d$CvStereoBMState
Event: 5.260 loading class org/bytedeco/javacpp/opencv_calib3d$CvStereoBMState done
Event: 5.261 loading class org/bytedeco/javacpp/helper/opencv_calib3d$AbstractCvStereoBMState
Event: 5.261 loading class org/bytedeco/javacpp/helper/opencv_calib3d$AbstractCvStereoBMState done
Event: 5.542 Executing VM operation: GenCollectForAllocation
Event: 5.554 Executing VM operation: GenCollectForAllocation done


Dynamic libraries:
0x00ae0000 - 0x00b10000 	C:\Program Files (x86)\Java\jdk1.8.0_05\bin\java.exe
0x76fb0000 - 0x7712b000 	C:\WINDOWS\SYSTEM32\ntdll.dll
0x769b0000 - 0x76a90000 	C:\WINDOWS\SYSTEM32\KERNEL32.DLL
0x73d00000 - 0x73e7e000 	C:\WINDOWS\SYSTEM32\KERNELBASE.dll
0x73a20000 - 0x73ab2000 	C:\WINDOWS\system32\apphelp.dll
0x74800000 - 0x7487b000 	C:\WINDOWS\SYSTEM32\ADVAPI32.dll
0x750b0000 - 0x7516e000 	C:\WINDOWS\SYSTEM32\msvcrt.dll
0x75000000 - 0x75044000 	C:\WINDOWS\SYSTEM32\sechost.dll
0x74250000 - 0x742fd000 	C:\WINDOWS\SYSTEM32\RPCRT4.dll
0x73ce0000 - 0x73cfe000 	C:\WINDOWS\SYSTEM32\SspiCli.dll
0x73cd0000 - 0x73cda000 	C:\WINDOWS\SYSTEM32\CRYPTBASE.dll
0x76d70000 - 0x76dc8000 	C:\WINDOWS\SYSTEM32\bcryptPrimitives.dll
0x76760000 - 0x768a7000 	C:\WINDOWS\SYSTEM32\USER32.dll
0x73e80000 - 0x73fcf000 	C:\WINDOWS\SYSTEM32\GDI32.dll
0x6f8c0000 - 0x6facf000 	C:\WINDOWS\WinSxS\x86_microsoft.windows.common-controls_6595b64144ccf1df_6.0.10586.0_none_d3c2e4e965da4528\COMCTL32.dll
0x73fd0000 - 0x7418d000 	C:\WINDOWS\SYSTEM32\combase.dll
0x76640000 - 0x7666b000 	C:\WINDOWS\SYSTEM32\IMM32.DLL
0x67cc0000 - 0x67d7f000 	C:\Program Files (x86)\Java\jdk1.8.0_05\jre\bin\msvcr100.dll
0x67d80000 - 0x68116000 	C:\Program Files (x86)\Java\jdk1.8.0_05\jre\bin\client\jvm.dll
0x74880000 - 0x74886000 	C:\WINDOWS\SYSTEM32\PSAPI.DLL
0x73590000 - 0x73598000 	C:\WINDOWS\SYSTEM32\WSOCK32.dll
0x735a0000 - 0x735c4000 	C:\WINDOWS\SYSTEM32\WINMM.dll
0x76dd0000 - 0x76e2f000 	C:\WINDOWS\SYSTEM32\WS2_32.dll
0x00dd0000 - 0x00df3000 	C:\WINDOWS\SYSTEM32\WINMMBASE.dll
0x76a90000 - 0x76ac7000 	C:\WINDOWS\SYSTEM32\cfgmgr32.dll
0x68790000 - 0x6879c000 	C:\Program Files (x86)\Java\jdk1.8.0_05\jre\bin\verify.dll
0x68760000 - 0x68781000 	C:\Program Files (x86)\Java\jdk1.8.0_05\jre\bin\java.dll
0x68740000 - 0x68753000 	C:\Program Files (x86)\Java\jdk1.8.0_05\jre\bin\zip.dll
0x75170000 - 0x7656e000 	C:\WINDOWS\SYSTEM32\SHELL32.dll
0x74300000 - 0x747fa000 	C:\WINDOWS\SYSTEM32\windows.storage.dll
0x765f0000 - 0x76635000 	C:\WINDOWS\SYSTEM32\shlwapi.dll
0x74ef0000 - 0x74efc000 	C:\WINDOWS\SYSTEM32\kernel.appcore.dll
0x76b60000 - 0x76bed000 	C:\WINDOWS\SYSTEM32\shcore.dll
0x748b0000 - 0x748f4000 	C:\WINDOWS\SYSTEM32\powrprof.dll
0x76580000 - 0x7658f000 	C:\WINDOWS\SYSTEM32\profapi.dll
0x649c0000 - 0x64b05000 	C:\Program Files (x86)\Java\jdk1.8.0_05\jre\bin\awt.dll
0x741b0000 - 0x74242000 	C:\WINDOWS\SYSTEM32\OLEAUT32.dll
0x58740000 - 0x58765000 	C:\Program Files (x86)\Java\jdk1.8.0_05\jre\bin\jpeg.dll
0x57900000 - 0x579ee000 	C:\Users\bishw\AppData\Local\Temp\javacpp453321034564514\msvcr120.dll
0x58090000 - 0x58101000 	C:\Users\bishw\AppData\Local\Temp\javacpp453321034564514\msvcp120.dll
0x576e0000 - 0x578fa000 	C:\Users\bishw\AppData\Local\Temp\javacpp453321034564514\opencv_core300.dll
0x55b70000 - 0x55e7d000 	C:\Users\bishw\AppData\Local\Temp\javacpp453321034564514\opencv_imgproc300.dll
0x57560000 - 0x576d6000 	C:\Users\bishw\AppData\Local\Temp\javacpp453321034564514\jniopencv_core.dll
0x57b50000 - 0x57bdf000 	C:\Users\bishw\AppData\Local\Temp\javacpp453321034564514\jniopencv_imgproc.dll
0x57170000 - 0x573e3000 	C:\Users\bishw\AppData\Local\Temp\javacpp453321034564514\opencv_imgcodecs300.dll
0x58490000 - 0x584a6000 	C:\Users\bishw\AppData\Local\Temp\javacpp453321034564514\jniopencv_imgcodecs.dll
0x57a50000 - 0x57a8d000 	C:\Users\bishw\AppData\Local\Temp\javacpp453321034564514\opencv_videoio300.dll
0x74f10000 - 0x74ffb000 	C:\WINDOWS\SYSTEM32\ole32.dll
0x57a20000 - 0x57a43000 	C:\WINDOWS\SYSTEM32\MSVFW32.dll
0x57c90000 - 0x57cac000 	C:\WINDOWS\SYSTEM32\AVIFIL32.dll
0x57150000 - 0x57164000 	C:\WINDOWS\SYSTEM32\AVICAP32.dll
0x57130000 - 0x57148000 	C:\WINDOWS\SYSTEM32\MSACM32.dll
0x56ee0000 - 0x56ef1000 	C:\Users\bishw\AppData\Local\Temp\javacpp453321034564514\jniopencv_videoio.dll
0x56eb0000 - 0x56ed6000 	C:\Users\bishw\AppData\Local\Temp\javacpp453321034564514\opencv_highgui300.dll
0x768b0000 - 0x769a2000 	C:\WINDOWS\SYSTEM32\COMDLG32.dll
0x74900000 - 0x7495e000 	C:\WINDOWS\SYSTEM32\FirewallAPI.dll
0x74190000 - 0x741a3000 	C:\WINDOWS\SYSTEM32\NETAPI32.dll
0x725d0000 - 0x725db000 	C:\WINDOWS\SYSTEM32\DAVHLPR.DLL
0x72380000 - 0x723ad000 	C:\WINDOWS\SYSTEM32\fwbase.dll
0x56e80000 - 0x56eab000 	C:\Users\bishw\AppData\Local\Temp\javacpp453321034564514\jniopencv_highgui.dll
0x56dd0000 - 0x56e7d000 	C:\Users\bishw\AppData\Local\Temp\javacpp453321034564514\opencv_ml300.dll
0x56da0000 - 0x56dc8000 	C:\Users\bishw\AppData\Local\Temp\javacpp453321034564514\jniopencv_ml.dll
0x55ae0000 - 0x55b6e000 	C:\Users\bishw\AppData\Local\Temp\javacpp453321034564514\opencv_objdetect300.dll
0x55aa0000 - 0x55ade000 	C:\Users\bishw\AppData\Local\Temp\javacpp453321034564514\jniopencv_objdetect.dll
0x55a10000 - 0x55a99000 	C:\Users\bishw\AppData\Local\Temp\javacpp453321034564514\opencv_flann300.dll
0x559f0000 - 0x55a06000 	C:\Users\bishw\AppData\Local\Temp\javacpp453321034564514\jniopencv_flann.dll
0x55920000 - 0x559ee000 	C:\Users\bishw\AppData\Local\Temp\javacpp453321034564514\opencv_features2d300.dll
0x558e0000 - 0x55912000 	C:\Users\bishw\AppData\Local\Temp\javacpp453321034564514\jniopencv_features2d.dll
0x54730000 - 0x54894000 	C:\Users\bishw\AppData\Local\Temp\javacpp453321034564514\opencv_calib3d300.dll
0x558a0000 - 0x558e0000 	C:\Users\bishw\AppData\Local\Temp\javacpp453321034564514\jniopencv_calib3d.dll
0x6e3f0000 - 0x6e52f000 	C:\WINDOWS\SYSTEM32\dbghelp.dll

VM Arguments:
jvm_args: -Dfile.encoding=UTF-8 
java_command: facesonly.FacesOnly
java_class_path (initial): E:\Google Drive\FacePal\All jar files\javacv-1.1-bin bytec\javacv-bin\opencv-windows-x86.jar;E:\Google Drive\FacePal\All jar files\javacv-1.1-bin bytec\javacv-bin\opencv-windows-x86_64.jar;E:\Google Drive\FacePal\All jar files\javacv-1.1-bin bytec\javacv-bin\opencv.jar;E:\Google Drive\FacePal\All jar files\javacv-1.1-bin bytec\javacv-bin\javacpp.jar;E:\Google Drive\FacePal\All jar files\javacv-1.1-bin bytec\javacv-bin\javacv.jar;E:\Google Drive\FacePal\Client site\FacesOnly\build\classes
Launcher Type: SUN_STANDARD

Environment Variables:
PATH=C:\ProgramData\Oracle\Java\javapath;C:\oraclexe\app\oracle\product\11.2.0\server\bin;E:\app\bishw\product\11.2.0\dbhome_1\bin;C:\WINDOWS\system32;C:\WINDOWS;C:\WINDOWS\System32\Wbem;C:\WINDOWS\System32\WindowsPowerShell\v1.0\;C:\Program Files\MATLAB\R2012b\runtime\win64;C:\Program Files\MATLAB\R2012b\bin;C:\Program Files (x86)\Common Files\lenovo\easyplussdk\bin;C:\Program Files (x86)\Brackets\command;C:\Program Files\nodejs\;C:\Program Files (x86)\Java\jre1.8.0_73\bin;C:\Program Files\MiKTeX 2.9\miktex\bin\x64\;C:\opencv\build\x64\vc12\bin;C:\Program Files (x86)\Java\jre1.8.0_73\bin;C:\Program Files (x86)\Java\jdk1.8.0_05\bin;C:\Program Files (x86)\Java\jre1.8.0_73\bin;C:\ProgramData\Oracle\Java\javapath;C:\oraclexe\app\oracle\product\11.2.0\server\bin;E:\app\bishw\product\11.2.0\dbhome_1\bin;C:\WINDOWS\system32;C:\WINDOWS;C:\WINDOWS\System32\Wbem;C:\WINDOWS\System32\WindowsPowerShell\v1.0\;C:\Program Files\MATLAB\R2012b\runtime\win64;C:\Program Files\MATLAB\R2012b\bin;C:\Program Files (x86)\Common Files\lenovo\easyplussdk\bin;C:\Program Files (x86)\Microsoft VS Code\bin;C:\Users\bishw\AppData\Roaming\npm
USERNAME=bishw
OS=Windows_NT
PROCESSOR_IDENTIFIER=Intel64 Family 6 Model 69 Stepping 1, GenuineIntel



---------------  S Y S T E M  ---------------

OS: Windows 8.1 , 64 bit Build 9600 

CPU:total 4 (2 cores per cpu, 2 threads per core) family 6 model 69 stepping 1, cmov, cx8, fxsr, mmx, sse, sse2, sse3, ssse3, sse4.1, sse4.2, popcnt, avx, avx2, aes, clmul, erms, ht, tsc, tscinvbit

Memory: 4k page, physical 4096184k(618836k free), swap 10144188k(1789168k free)

vm_info: Java HotSpot(TM) Client VM (25.5-b02) for windows-x86 JRE (1.8.0_05-b13), built on Mar 18 2014 01:14:47 by "java_re" with MS VC++ 10.0 (VS2010)

time: Tue Jun 07 17:20:14 2016
elapsed time: 5 seconds

